<?xml version="1.0" encoding="UTF-8" ?><testsuite errors="0" name="jasmine.specs" tests="12" failures="0" skipped="0" hostname="localhost" time="0.0" timestamp="2013-12-13T22:57:39"><testcase classname="jasmine" name="filter-cep cep string" time="0.0" failure="false"/><testcase classname="jasmine" name="filter-cep cep number" time="0.0" failure="false"/><testcase classname="jasmine" name="filter-pad lpad" time="0.0" failure="false"/><testcase classname="jasmine" name="filter-pad rpad" time="0.0" failure="false"/><testcase classname="jasmine" name="filter-pad lrpad" time="0.0" failure="false"/><testcase classname="jasmine" name="filter-datelocal default" time="0.0" failure="false"/><testcase classname="jasmine" name="filter-datelocal America/Sao_Paulo" time="0.0" failure="false"/><testcase classname="jasmine" name="filter-datelocal America/Campo_Grande" time="0.0" failure="false"/><testcase classname="jasmine" name="filter-datelocal America/Montevideo" time="0.0" failure="false"/><testcase classname="jasmine" name="filter-datelocal America/Argentina/Buenos_Aires" time="0.0" failure="false"/><testcase classname="jasmine" name="filter-datelocal Europe/Madrid" time="0.0" failure="false"/><testcase classname="jasmine" name="filter-datelocal Australia/Sydney" time="0.0" failure="false"/></testsuite>